2023-04-23 14:58:24,643 WARN  [org.keycloak.events] (default task-10) type=LOGOUT_ERROR, realmId=CS6301, clientId=null, userId=null, ipAddress=127.0.0.1, error=invalid_redirect_uri, redirect_uri=http://127.0.0.1:8000/^oidc/logout/blog-home
2023-04-23 15:00:28,295 WARN  [org.keycloak.events] (default task-9) type=LOGOUT_ERROR, realmId=CS6301, clientId=null, userId=null, ipAddress=127.0.0.1, error=invalid_redirect_uri, redirect_uri=http://127.0.0.1:8000/^oidc/logout/127.0.0.1:8000/
2023-04-23 15:01:56,613 WARN  [org.keycloak.events] (default task-9) type=LOGOUT_ERROR, realmId=CS6301, clientId=null, userId=null, ipAddress=127.0.0.1, error=invalid_redirect_uri, redirect_uri=http://127.0.0.1:8000/^oidc/logout/*
2023-04-23 15:06:09,917 WARN  [org.keycloak.events] (default task-9) type=LOGOUT_ERROR, realmId=CS6301, clientId=null, userId=null, ipAddress=127.0.0.1, error=invalid_redirect_uri, redirect_uri=http://127.0.0.1:8000/^oidc/logout/*
2023-04-23 15:07:54,349 WARN  [org.keycloak.events] (default task-9) type=LOGOUT_ERROR, realmId=CS6301, clientId=null, userId=null, ipAddress=127.0.0.1, error=invalid_redirect_uri, redirect_uri=http://127.0.0.1:8000/^oidc/logout/
2023-04-23 15:10:13,707 WARN  [org.keycloak.events] (default task-9) type=LOGIN_ERROR, realmId=CS6301, clientId=webapp, userId=null, ipAddress=127.0.0.1, error=user_not_found, auth_method=openid-connect, auth_type=code, redirect_uri=http://127.0.0.1:8000/%5Eoidc/callback/, code_id=d1e0a11b-1fb6-4318-97ed-0e44e754acd1, username=wa, authSessionParentId=d1e0a11b-1fb6-4318-97ed-0e44e754acd1, authSessionTabId=_ARWT8NMssQ
2023-04-23 15:10:29,155 WARN  [org.keycloak.events] (default task-9) type=LOGIN_ERROR, realmId=CS6301, clientId=webapp, userId=956857f3-633d-4f38-8f2a-1cb815ccb465, ipAddress=127.0.0.1, error=invalid_user_credentials, auth_method=openid-connect, auth_type=code, redirect_uri=http://127.0.0.1:8000/%5Eoidc/callback/, code_id=d1e0a11b-1fb6-4318-97ed-0e44e754acd1, username=walterwhite, authSessionParentId=d1e0a11b-1fb6-4318-97ed-0e44e754acd1, authSessionTabId=_ARWT8NMssQ
2023-04-23 15:43:07,509 WARN  [org.keycloak.events] (default task-24) type=LOGIN_ERROR, realmId=CS6301, clientId=webapp, userId=956857f3-633d-4f38-8f2a-1cb815ccb465, ipAddress=127.0.0.1, error=invalid_user_credentials, auth_method=openid-connect, auth_type=code, redirect_uri=http://127.0.0.1:8000/%5Eoidc/callback/, code_id=d20966b4-7581-4f4c-b237-bd882a93458b, username=walterwhite, authSessionParentId=d20966b4-7581-4f4c-b237-bd882a93458b, authSessionTabId=zghvDHjnZho
2023-04-23 17:09:49,063 WARN  [org.keycloak.events] (default task-25) type=REFRESH_TOKEN_ERROR, realmId=master, clientId=security-admin-console, userId=null, ipAddress=127.0.0.1, error=invalid_token, grant_type=refresh_token, client_auth_method=client-secret
2023-04-23 17:10:52,822 INFO  [org.jboss.as.server] (Thread-1) WFLYSRV0272: Suspending server
2023-04-23 17:10:52,839 INFO  [org.jboss.as.ejb3] (Thread-1) WFLYEJB0493: EJB subsystem suspension complete
2023-04-23 17:10:52,860 INFO  [org.jboss.as.server] (Thread-1) WFLYSRV0220: Server shutdown has been requested via an OS signal
2023-04-23 17:10:52,932 INFO  [org.jboss.as.connector.subsystems.datasources] (MSC service thread 1-8) WFLYJCA0010: Unbound data source [java:jboss/datasources/KeycloakDS]
2023-04-23 17:10:52,933 INFO  [org.jboss.as.mail.extension] (MSC service thread 1-2) WFLYMAIL0002: Unbound mail session [java:jboss/mail/Default]
2023-04-23 17:10:52,941 INFO  [org.wildfly.extension.undertow] (MSC service thread 1-5) WFLYUT0008: Undertow HTTPS listener https suspending
2023-04-23 17:10:52,948 INFO  [org.wildfly.extension.undertow] (ServerService Thread Pool -- 14) WFLYUT0022: Unregistered web context: '/auth' from server 'default-server'
2023-04-23 17:10:52,962 INFO  [org.wildfly.extension.undertow] (MSC service thread 1-5) WFLYUT0007: Undertow HTTPS listener https stopped, was bound to 127.0.0.1:8443
2023-04-23 17:10:53,012 INFO  [org.jboss.as.connector.subsystems.datasources] (MSC service thread 1-4) WFLYJCA0010: Unbound data source [java:jboss/datasources/ExampleDS]
2023-04-23 17:10:53,014 INFO  [org.jboss.as.connector.deployers.jdbc] (MSC service thread 1-2) WFLYJCA0019: Stopped Driver service with driver-name = h2
2023-04-23 17:10:53,025 INFO  [org.wildfly.extension.undertow] (MSC service thread 1-5) WFLYUT0019: Host default-host stopping
2023-04-23 17:10:53,049 INFO  [org.jboss.as.server.deployment] (MSC service thread 1-5) WFLYSRV0028: Stopped deployment keycloak-server.war (runtime-name: keycloak-server.war) in 180ms
2023-04-23 17:10:53,049 INFO  [org.jboss.as.clustering.infinispan] (ServerService Thread Pool -- 81) WFLYCLINF0003: Stopped offlineClientSessions cache from keycloak container
2023-04-23 17:10:53,062 INFO  [org.jboss.as.clustering.infinispan] (ServerService Thread Pool -- 76) WFLYCLINF0003: Stopped offlineSessions cache from keycloak container
2023-04-23 17:10:53,066 INFO  [org.jboss.as.clustering.infinispan] (ServerService Thread Pool -- 73) WFLYCLINF0003: Stopped clientSessions cache from keycloak container
2023-04-23 17:10:53,069 INFO  [org.jboss.as.clustering.infinispan] (ServerService Thread Pool -- 79) WFLYCLINF0003: Stopped loginFailures cache from keycloak container
2023-04-23 17:10:53,070 INFO  [org.jboss.as.clustering.infinispan] (ServerService Thread Pool -- 75) WFLYCLINF0003: Stopped work cache from keycloak container
2023-04-23 17:10:53,071 INFO  [org.jboss.as.clustering.infinispan] (ServerService Thread Pool -- 82) WFLYCLINF0003: Stopped sessions cache from keycloak container
2023-04-23 17:10:53,072 INFO  [org.jboss.as.clustering.infinispan] (ServerService Thread Pool -- 74) WFLYCLINF0003: Stopped authenticationSessions cache from keycloak container
2023-04-23 17:10:53,071 INFO  [org.jboss.as.clustering.infinispan] (ServerService Thread Pool -- 77) WFLYCLINF0003: Stopped actionTokens cache from keycloak container
2023-04-23 17:10:53,074 INFO  [org.jboss.as.clustering.infinispan] (ServerService Thread Pool -- 78) WFLYCLINF0003: Stopped keys cache from keycloak container
2023-04-23 17:10:53,086 INFO  [org.jboss.as.clustering.infinispan] (ServerService Thread Pool -- 14) WFLYCLINF0003: Stopped users cache from keycloak container
2023-04-23 17:10:53,093 INFO  [org.jboss.as.clustering.infinispan] (ServerService Thread Pool -- 80) WFLYCLINF0003: Stopped authorization cache from keycloak container
2023-04-23 17:10:53,094 INFO  [org.jboss.as.clustering.infinispan] (ServerService Thread Pool -- 71) WFLYCLINF0003: Stopped realms cache from keycloak container
2023-04-23 17:10:53,099 INFO  [org.jboss.as.clustering.infinispan] (ServerService Thread Pool -- 72) WFLYCLINF0003: Stopped http-remoting-connector cache from ejb container
2023-04-23 17:10:53,105 INFO  [org.wildfly.extension.undertow] (MSC service thread 1-3) WFLYUT0008: Undertow HTTP listener default suspending
2023-04-23 17:10:53,126 INFO  [org.wildfly.extension.undertow] (MSC service thread 1-3) WFLYUT0007: Undertow HTTP listener default stopped, was bound to 127.0.0.1:8080
2023-04-23 17:10:53,127 INFO  [org.infinispan.manager.DefaultCacheManager] (ServerService Thread Pool -- 72) Stopping cache manager null on null
2023-04-23 17:10:53,143 INFO  [org.infinispan.manager.DefaultCacheManager] (ServerService Thread Pool -- 75) Stopping cache manager null on null
2023-04-23 17:10:53,167 INFO  [org.wildfly.extension.undertow] (MSC service thread 1-2) WFLYUT0004: Undertow 2.2.2.Final stopping
2023-04-23 17:10:53,197 INFO  [org.jboss.as] (MSC service thread 1-5) WFLYSRV0050: Keycloak 12.0.4 (WildFly Core 13.0.3.Final) stopped in 329ms
2023-04-23 17:27:52,505 INFO  [org.jboss.as.server.deployment.scanner] (MSC service thread 1-4) WFLYDS0013: Started FileSystemDeploymentService for directory C:\Users\sampa\SSO_demo\SSO_demo\keycloak-12.0.4\keycloak-12.0.4\standalone\deployments
2023-04-23 17:27:52,526 WARN  [org.jboss.as.domain.management.security] (MSC service thread 1-1) WFLYDM0111: Keystore C:\Users\sampa\SSO_demo\SSO_demo\keycloak-12.0.4\keycloak-12.0.4\standalone\configuration\application.keystore not found, it will be auto generated on first use with a self signed certificate for host localhost
2023-04-23 17:27:52,571 INFO  [org.jboss.as.server.deployment] (MSC service thread 1-7) WFLYSRV0027: Starting deployment of "keycloak-server.war" (runtime-name: "keycloak-server.war")
2023-04-23 17:27:52,608 INFO  [org.wildfly.extension.undertow] (MSC service thread 1-6) WFLYUT0012: Started server default-server.
2023-04-23 17:27:52,704 INFO  [org.wildfly.extension.undertow] (MSC service thread 1-4) WFLYUT0018: Host default-host starting
2023-04-23 17:27:52,872 INFO  [org.wildfly.extension.undertow] (MSC service thread 1-5) WFLYUT0006: Undertow HTTP listener default listening on 127.0.0.1:8080
2023-04-23 17:27:53,047 INFO  [org.wildfly.extension.undertow] (MSC service thread 1-6) WFLYUT0006: Undertow HTTPS listener https listening on 127.0.0.1:8443
2023-04-23 17:27:53,052 INFO  [org.jboss.as.ejb3] (MSC service thread 1-7) WFLYEJB0493: EJB subsystem suspension complete
2023-04-23 17:27:53,292 INFO  [org.jboss.as.connector.subsystems.datasources] (MSC service thread 1-3) WFLYJCA0001: Bound data source [java:jboss/datasources/KeycloakDS]
2023-04-23 17:27:53,329 INFO  [org.jboss.as.connector.subsystems.datasources] (MSC service thread 1-2) WFLYJCA0001: Bound data source [java:jboss/datasources/ExampleDS]
2023-04-23 17:27:55,382 INFO  [org.infinispan.CONTAINER] (ServerService Thread Pool -- 57) ISPN000128: Infinispan version: Infinispan 'Corona Extra' 11.0.4.Final
2023-04-23 17:27:55,498 INFO  [org.infinispan.CONFIG] (MSC service thread 1-3) ISPN000152: Passivation configured without an eviction policy being selected. Only manually evicted entities will be passivated.
2023-04-23 17:27:55,507 INFO  [org.infinispan.CONFIG] (MSC service thread 1-3) ISPN000152: Passivation configured without an eviction policy being selected. Only manually evicted entities will be passivated.
2023-04-23 17:27:55,679 INFO  [org.infinispan.PERSISTENCE] (ServerService Thread Pool -- 57) ISPN000556: Starting user marshaller 'org.wildfly.clustering.infinispan.marshalling.jboss.JBossMarshaller'
2023-04-23 17:27:55,690 INFO  [org.infinispan.PERSISTENCE] (ServerService Thread Pool -- 56) ISPN000556: Starting user marshaller 'org.wildfly.clustering.infinispan.spi.marshalling.InfinispanProtoStreamMarshaller'
2023-04-23 17:27:56,209 INFO  [org.jboss.as.clustering.infinispan] (ServerService Thread Pool -- 56) WFLYCLINF0002: Started http-remoting-connector cache from ejb container
2023-04-23 17:27:56,275 INFO  [org.jboss.as.clustering.infinispan] (ServerService Thread Pool -- 67) WFLYCLINF0002: Started work cache from keycloak container
2023-04-23 17:27:56,275 INFO  [org.jboss.as.clustering.infinispan] (ServerService Thread Pool -- 68) WFLYCLINF0002: Started clientSessions cache from keycloak container
2023-04-23 17:27:56,313 INFO  [org.jboss.as.clustering.infinispan] (ServerService Thread Pool -- 64) WFLYCLINF0002: Started offlineClientSessions cache from keycloak container
2023-04-23 17:27:56,314 INFO  [org.jboss.as.clustering.infinispan] (ServerService Thread Pool -- 58) WFLYCLINF0002: Started sessions cache from keycloak container
2023-04-23 17:27:56,318 INFO  [org.jboss.as.clustering.infinispan] (ServerService Thread Pool -- 60) WFLYCLINF0002: Started actionTokens cache from keycloak container
2023-04-23 17:27:56,320 INFO  [org.jboss.as.clustering.infinispan] (ServerService Thread Pool -- 59) WFLYCLINF0002: Started authenticationSessions cache from keycloak container
2023-04-23 17:27:56,321 INFO  [org.jboss.as.clustering.infinispan] (ServerService Thread Pool -- 63) WFLYCLINF0002: Started offlineSessions cache from keycloak container
2023-04-23 17:27:56,326 INFO  [org.jboss.as.clustering.infinispan] (ServerService Thread Pool -- 66) WFLYCLINF0002: Started loginFailures cache from keycloak container
2023-04-23 17:27:56,436 INFO  [org.jboss.as.clustering.infinispan] (ServerService Thread Pool -- 65) WFLYCLINF0002: Started authorization cache from keycloak container
2023-04-23 17:27:56,437 INFO  [org.jboss.as.clustering.infinispan] (ServerService Thread Pool -- 62) WFLYCLINF0002: Started keys cache from keycloak container
2023-04-23 17:27:56,436 INFO  [org.jboss.as.clustering.infinispan] (ServerService Thread Pool -- 61) WFLYCLINF0002: Started realms cache from keycloak container
2023-04-23 17:27:56,437 INFO  [org.jboss.as.clustering.infinispan] (ServerService Thread Pool -- 57) WFLYCLINF0002: Started users cache from keycloak container
2023-04-23 17:27:56,723 WARN  [org.jboss.as.server.deployment] (MSC service thread 1-6) WFLYSRV0273: Excluded subsystem webservices via jboss-deployment-structure.xml does not exist.
2023-04-23 17:27:57,963 INFO  [org.keycloak.services] (ServerService Thread Pool -- 61) KC-SERVICES0001: Loading config from standalone.xml or domain.xml
2023-04-23 17:27:58,747 INFO  [org.keycloak.url.DefaultHostnameProviderFactory] (ServerService Thread Pool -- 61) Frontend: <request>, Admin: <frontend>, Backend: <request>
2023-04-23 17:27:58,950 WARN  [org.infinispan.encoding.impl.StorageConfigurationManager] (ServerService Thread Pool -- 61) ISPN000599: Configuration for cache 'realmRevisions' does not define the encoding for keys or values. If you use operations that require data conversion or queries, you should configure the cache with a specific MediaType for keys or values.
2023-04-23 17:27:58,958 INFO  [org.jboss.as.clustering.infinispan] (ServerService Thread Pool -- 61) WFLYCLINF0002: Started realmRevisions cache from keycloak container
2023-04-23 17:27:58,961 WARN  [org.infinispan.encoding.impl.StorageConfigurationManager] (ServerService Thread Pool -- 61) ISPN000599: Configuration for cache 'userRevisions' does not define the encoding for keys or values. If you use operations that require data conversion or queries, you should configure the cache with a specific MediaType for keys or values.
2023-04-23 17:27:58,967 INFO  [org.jboss.as.clustering.infinispan] (ServerService Thread Pool -- 61) WFLYCLINF0002: Started userRevisions cache from keycloak container
2023-04-23 17:27:58,971 WARN  [org.infinispan.encoding.impl.StorageConfigurationManager] (ServerService Thread Pool -- 61) ISPN000599: Configuration for cache 'authorizationRevisions' does not define the encoding for keys or values. If you use operations that require data conversion or queries, you should configure the cache with a specific MediaType for keys or values.
2023-04-23 17:27:58,981 INFO  [org.jboss.as.clustering.infinispan] (ServerService Thread Pool -- 61) WFLYCLINF0002: Started authorizationRevisions cache from keycloak container
2023-04-23 17:27:58,985 INFO  [org.keycloak.connections.infinispan.DefaultInfinispanConnectionProviderFactory] (ServerService Thread Pool -- 61) Node name: desktop-uckjfgi, Site name: null
2023-04-23 17:28:00,427 INFO  [org.keycloak.connections.jpa.DefaultJpaConnectionProviderFactory] (ServerService Thread Pool -- 61) Database info: {databaseUrl=jdbc:h2:C:\Users\sampa\SSO_demo\SSO_demo\keycloak-12.0.4\keycloak-12.0.4\standalone\data/keycloak, databaseUser=SA, databaseProduct=H2 1.4.197 (2018-03-18), databaseDriver=H2 JDBC Driver 1.4.197 (2018-03-18)}
2023-04-23 17:28:04,163 INFO  [org.hibernate.jpa.internal.util.LogHelper] (ServerService Thread Pool -- 61) HHH000204: Processing PersistenceUnitInfo [
	name: keycloak-default
	...]
2023-04-23 17:28:04,368 INFO  [org.hibernate.Version] (ServerService Thread Pool -- 61) HHH000412: Hibernate Core {5.3.20.Final}
2023-04-23 17:28:04,373 INFO  [org.hibernate.cfg.Environment] (ServerService Thread Pool -- 61) HHH000206: hibernate.properties not found
2023-04-23 17:28:04,689 INFO  [org.hibernate.annotations.common.Version] (ServerService Thread Pool -- 61) HCANN000001: Hibernate Commons Annotations {5.0.5.Final}
2023-04-23 17:28:04,995 INFO  [org.hibernate.dialect.Dialect] (ServerService Thread Pool -- 61) HHH000400: Using dialect: org.hibernate.dialect.H2Dialect
2023-04-23 17:28:05,012 WARN  [org.hibernate.dialect.H2Dialect] (ServerService Thread Pool -- 61) HHH000431: Unable to determine H2 database version, certain features may not work
2023-04-23 17:28:05,094 INFO  [org.hibernate.envers.boot.internal.EnversServiceImpl] (ServerService Thread Pool -- 61) Envers integration enabled? : true
2023-04-23 17:28:06,010 INFO  [org.hibernate.orm.beans] (ServerService Thread Pool -- 61) HHH10005002: No explicit CDI BeanManager reference was passed to Hibernate, but CDI is available on the Hibernate ClassLoader.
2023-04-23 17:28:06,159 INFO  [org.hibernate.validator.internal.util.Version] (ServerService Thread Pool -- 61) HV000001: Hibernate Validator 6.0.21.Final
2023-04-23 17:28:08,341 INFO  [org.hibernate.hql.internal.QueryTranslatorFactoryInitiator] (ServerService Thread Pool -- 61) HHH000397: Using ASTQueryTranslatorFactory
2023-04-23 17:28:10,134 INFO  [org.jboss.resteasy.resteasy_jaxrs.i18n] (ServerService Thread Pool -- 61) RESTEASY002225: Deploying javax.ws.rs.core.Application: class org.keycloak.services.resources.KeycloakApplication
2023-04-23 17:28:10,138 INFO  [org.jboss.resteasy.resteasy_jaxrs.i18n] (ServerService Thread Pool -- 61) RESTEASY002200: Adding class resource org.keycloak.services.resources.ThemeResource from Application class org.keycloak.services.resources.KeycloakApplication
2023-04-23 17:28:10,142 INFO  [org.jboss.resteasy.resteasy_jaxrs.i18n] (ServerService Thread Pool -- 61) RESTEASY002205: Adding provider class org.keycloak.services.filters.KeycloakSecurityHeadersFilter from Application class org.keycloak.services.resources.KeycloakApplication
2023-04-23 17:28:10,144 INFO  [org.jboss.resteasy.resteasy_jaxrs.i18n] (ServerService Thread Pool -- 61) RESTEASY002200: Adding class resource org.keycloak.services.resources.JsResource from Application class org.keycloak.services.resources.KeycloakApplication
2023-04-23 17:28:10,149 INFO  [org.jboss.resteasy.resteasy_jaxrs.i18n] (ServerService Thread Pool -- 61) RESTEASY002205: Adding provider class org.keycloak.services.error.KeycloakErrorHandler from Application class org.keycloak.services.resources.KeycloakApplication
2023-04-23 17:28:10,153 INFO  [org.jboss.resteasy.resteasy_jaxrs.i18n] (ServerService Thread Pool -- 61) RESTEASY002220: Adding singleton resource org.keycloak.services.resources.RealmsResource from Application class org.keycloak.services.resources.KeycloakApplication
2023-04-23 17:28:10,154 INFO  [org.jboss.resteasy.resteasy_jaxrs.i18n] (ServerService Thread Pool -- 61) RESTEASY002220: Adding singleton resource org.keycloak.services.resources.admin.AdminRoot from Application class org.keycloak.services.resources.KeycloakApplication
2023-04-23 17:28:10,155 INFO  [org.jboss.resteasy.resteasy_jaxrs.i18n] (ServerService Thread Pool -- 61) RESTEASY002220: Adding singleton resource org.keycloak.services.resources.WelcomeResource from Application class org.keycloak.services.resources.KeycloakApplication
2023-04-23 17:28:10,156 INFO  [org.jboss.resteasy.resteasy_jaxrs.i18n] (ServerService Thread Pool -- 61) RESTEASY002220: Adding singleton resource org.keycloak.services.resources.RobotsResource from Application class org.keycloak.services.resources.KeycloakApplication
2023-04-23 17:28:10,158 INFO  [org.jboss.resteasy.resteasy_jaxrs.i18n] (ServerService Thread Pool -- 61) RESTEASY002210: Adding provider singleton org.keycloak.services.util.ObjectMapperResolver from Application class org.keycloak.services.resources.KeycloakApplication
2023-04-23 17:28:10,372 INFO  [org.wildfly.extension.undertow] (ServerService Thread Pool -- 61) WFLYUT0021: Registered web context: '/auth' for server 'default-server'
2023-04-23 17:28:10,598 INFO  [org.jboss.as.server] (ServerService Thread Pool -- 55) WFLYSRV0010: Deployed "keycloak-server.war" (runtime-name : "keycloak-server.war")
2023-04-23 17:28:10,700 INFO  [org.jboss.as.server] (Controller Boot Thread) WFLYSRV0212: Resuming server
2023-04-23 17:28:10,708 INFO  [org.jboss.as] (Controller Boot Thread) WFLYSRV0025: Keycloak 12.0.4 (WildFly Core 13.0.3.Final) started in 27028ms - Started 589 of 867 services (585 services are lazy, passive or on-demand)
2023-04-23 17:28:10,715 INFO  [org.jboss.as] (Controller Boot Thread) WFLYSRV0060: Http management interface listening on http://127.0.0.1:9990/management
2023-04-23 17:28:10,717 INFO  [org.jboss.as] (Controller Boot Thread) WFLYSRV0051: Admin console listening on http://127.0.0.1:9990
2023-04-23 17:52:20,382 INFO  [org.jboss.as.server] (Thread-1) WFLYSRV0272: Suspending server
2023-04-23 17:52:20,398 INFO  [org.jboss.as.ejb3] (Thread-1) WFLYEJB0493: EJB subsystem suspension complete
2023-04-23 17:52:20,443 INFO  [org.jboss.as.server] (Thread-1) WFLYSRV0220: Server shutdown has been requested via an OS signal
2023-04-23 17:52:20,524 INFO  [org.jboss.as.connector.subsystems.datasources] (MSC service thread 1-1) WFLYJCA0010: Unbound data source [java:jboss/datasources/KeycloakDS]
2023-04-23 17:52:20,528 INFO  [org.jboss.as.mail.extension] (MSC service thread 1-1) WFLYMAIL0002: Unbound mail session [java:jboss/mail/Default]
2023-04-23 17:52:20,539 INFO  [org.wildfly.extension.undertow] (MSC service thread 1-2) WFLYUT0008: Undertow HTTPS listener https suspending
2023-04-23 17:52:20,549 INFO  [org.wildfly.extension.undertow] (ServerService Thread Pool -- 61) WFLYUT0022: Unregistered web context: '/auth' from server 'default-server'
2023-04-23 17:52:20,541 INFO  [org.wildfly.extension.undertow] (MSC service thread 1-2) WFLYUT0007: Undertow HTTPS listener https stopped, was bound to 127.0.0.1:8443
2023-04-23 17:52:20,588 INFO  [org.jboss.as.connector.subsystems.datasources] (MSC service thread 1-4) WFLYJCA0010: Unbound data source [java:jboss/datasources/ExampleDS]
2023-04-23 17:52:20,588 INFO  [org.jboss.as.connector.deployers.jdbc] (MSC service thread 1-6) WFLYJCA0019: Stopped Driver service with driver-name = h2
2023-04-23 17:52:20,597 INFO  [org.wildfly.extension.undertow] (MSC service thread 1-5) WFLYUT0019: Host default-host stopping
2023-04-23 17:52:20,606 INFO  [org.jboss.as.clustering.infinispan] (ServerService Thread Pool -- 75) WFLYCLINF0003: Stopped loginFailures cache from keycloak container
2023-04-23 17:52:20,615 INFO  [org.jboss.as.clustering.infinispan] (ServerService Thread Pool -- 61) WFLYCLINF0003: Stopped keys cache from keycloak container
2023-04-23 17:52:20,620 INFO  [org.jboss.as.clustering.infinispan] (ServerService Thread Pool -- 74) WFLYCLINF0003: Stopped authorization cache from keycloak container
2023-04-23 17:52:20,623 INFO  [org.jboss.as.clustering.infinispan] (ServerService Thread Pool -- 71) WFLYCLINF0003: Stopped realms cache from keycloak container
2023-04-23 17:52:20,628 INFO  [org.wildfly.extension.undertow] (MSC service thread 1-4) WFLYUT0008: Undertow HTTP listener default suspending
2023-04-23 17:52:20,628 INFO  [org.jboss.as.clustering.infinispan] (ServerService Thread Pool -- 72) WFLYCLINF0003: Stopped http-remoting-connector cache from ejb container
2023-04-23 17:52:20,634 INFO  [org.jboss.as.server.deployment] (MSC service thread 1-8) WFLYSRV0028: Stopped deployment keycloak-server.war (runtime-name: keycloak-server.war) in 169ms
2023-04-23 17:52:20,636 INFO  [org.jboss.as.clustering.infinispan] (ServerService Thread Pool -- 73) WFLYCLINF0003: Stopped offlineClientSessions cache from keycloak container
2023-04-23 17:52:20,643 INFO  [org.jboss.as.clustering.infinispan] (ServerService Thread Pool -- 77) WFLYCLINF0003: Stopped work cache from keycloak container
2023-04-23 17:52:20,644 INFO  [org.jboss.as.clustering.infinispan] (ServerService Thread Pool -- 76) WFLYCLINF0003: Stopped clientSessions cache from keycloak container
2023-04-23 17:52:20,648 INFO  [org.jboss.as.clustering.infinispan] (ServerService Thread Pool -- 78) WFLYCLINF0003: Stopped sessions cache from keycloak container
2023-04-23 17:52:20,652 INFO  [org.jboss.as.clustering.infinispan] (ServerService Thread Pool -- 79) WFLYCLINF0003: Stopped actionTokens cache from keycloak container
2023-04-23 17:52:20,653 INFO  [org.jboss.as.clustering.infinispan] (ServerService Thread Pool -- 82) WFLYCLINF0003: Stopped authenticationSessions cache from keycloak container
2023-04-23 17:52:20,657 INFO  [org.wildfly.extension.undertow] (MSC service thread 1-4) WFLYUT0007: Undertow HTTP listener default stopped, was bound to 127.0.0.1:8080
2023-04-23 17:52:20,659 INFO  [org.infinispan.manager.DefaultCacheManager] (ServerService Thread Pool -- 73) Stopping cache manager null on null
2023-04-23 17:52:20,660 INFO  [org.jboss.as.clustering.infinispan] (ServerService Thread Pool -- 80) WFLYCLINF0003: Stopped users cache from keycloak container
2023-04-23 17:52:20,660 INFO  [org.jboss.as.clustering.infinispan] (ServerService Thread Pool -- 81) WFLYCLINF0003: Stopped offlineSessions cache from keycloak container
2023-04-23 17:52:20,688 INFO  [org.wildfly.extension.undertow] (MSC service thread 1-8) WFLYUT0004: Undertow 2.2.2.Final stopping
2023-04-23 17:52:20,711 INFO  [org.infinispan.manager.DefaultCacheManager] (ServerService Thread Pool -- 77) Stopping cache manager null on null
2023-04-23 17:52:20,744 INFO  [org.jboss.as] (MSC service thread 1-8) WFLYSRV0050: Keycloak 12.0.4 (WildFly Core 13.0.3.Final) stopped in 276ms
